Using pre-set license
Built from '2020.3/staging' branch; Version is '2020.3.0f1 (c7b5465681fb) revision 13088070'; Using compiler version '192528614'; Build Type 'Release'
OS: 'Windows 10 Home Single Language; OS build 19041.867; Version 2004; 64bit' Language: 'en' Physical Memory: 7963 MB
BatchMode: 1, IsHumanControllingUs: 0, StartBugReporterOnCrash: 0, Is64bit: 1, IsPro: 0

 COMMAND LINE ARGUMENTS:
D:\UNITY\2020.3.0f1\Editor\Unity.exe
-adb2
-batchMode
-noUpm
-name
AssetImportWorker0
-projectPath
D:/UNITY/FIRST-UNITY/FIRST
-logFile
Logs/AssetImportWorker0.log
-srvPort
58973
Successfully changed project path to: D:/UNITY/FIRST-UNITY/FIRST
D:/UNITY/FIRST-UNITY/FIRST
Using Asset Import Pipeline V2.
Refreshing native plugins compatible for Editor in 27.28 ms, found 0 plugins.
Preloading 0 native plugins for Editor in 0.00 ms.
Initialize engine version: 2020.3.0f1 (c7b5465681fb)
[Subsystems] Discovering subsystems at path D:/UNITY/2020.3.0f1/Editor/Data/Resources/UnitySubsystems
[Subsystems] Discovering subsystems at path D:/UNITY/FIRST-UNITY/FIRST/Assets
GfxDevice: creating device client; threaded=0
Direct3D:
    Version:  Direct3D 11.0 [level 11.1]
    Renderer: NVIDIA GeForce GTX 1650 (ID=0x1f99)
    Vendor:   
    VRAM:     3962 MB
    Driver:   27.21.14.5763
Initialize mono
Mono path[0] = 'D:/UNITY/2020.3.0f1/Editor/Data/Managed'
Mono path[1] = 'D:/UNITY/2020.3.0f1/Editor/Data/MonoBleedingEdge/lib/mono/unityjit'
Mono config path = 'D:/UNITY/2020.3.0f1/Editor/Data/MonoBleedingEdge/etc'
Using monoOptions --debugger-agent=transport=dt_socket,embedding=1,server=y,suspend=n,address=127.0.0.1:56732
Begin MonoManager ReloadAssembly
Registering precompiled unity dll's ...
Register platform support module: D:/UNITY/2020.3.0f1/Editor/Data/PlaybackEngines/WebGLSupport/UnityEditor.WebGL.Extensions.dll
Register platform support module: D:/UNITY/2020.3.0f1/Editor/Data/PlaybackEngines/WindowsStandaloneSupport/UnityEditor.WindowsStandalone.Extensions.dll
Registered in 0.001811 seconds.
Native extension for WindowsStandalone target not found
Native extension for WebGL target not found
Refreshing native plugins compatible for Editor in 30.05 ms, found 0 plugins.
Preloading 0 native plugins for Editor in 0.00 ms.
Invoked RoslynAnalysisRunner static constructor.
RoslynAnalysisRunner will not be running.
RoslynAnalysisRunner has terminated.
Mono: successfully reloaded assembly
- Completed reload, in  1.490 seconds
Platform modules already initialized, skipping
Registering precompiled user dll's ...
Registered in 0.001666 seconds.
Begin MonoManager ReloadAssembly
Native extension for WindowsStandalone target not found
Native extension for WebGL target not found
Refreshing native plugins compatible for Editor in 1.06 ms, found 0 plugins.
Preloading 0 native plugins for Editor in 0.00 ms.
Invoked RoslynAnalysisRunner static constructor.
RoslynAnalysisRunner will not be running.
RoslynAnalysisRunner has terminated.
Mono: successfully reloaded assembly
- Completed reload, in  1.172 seconds
Platform modules already initialized, skipping
========================================================================
Worker process is ready to serve import requests
Launched and connected shader compiler UnityShaderCompiler.exe after 0.09 seconds
Refreshing native plugins compatible for Editor in 0.53 ms, found 0 plugins.
Preloading 0 native plugins for Editor in 0.00 ms.
Unloading 1113 Unused Serialized files (Serialized files now loaded: 0)
System memory in use before: 56.9 MB.
System memory in use after: 57.0 MB.

Unloading 10 unused Assets to reduce memory usage. Loaded Objects now: 1555.
Total: 2.357000 ms (FindLiveObjects: 0.196500 ms CreateObjectMapping: 0.058700 ms MarkObjects: 2.003000 ms  DeleteObjects: 0.096700 ms)

========================================================================
Received Import Request.
  path: Assets
  artifactKey: Guid(00000000000000001000000000000000) Importer(815301076,1909f56bfc062723c751e8b465ee728b)
Start importing Assets using Guid(00000000000000001000000000000000) Importer(815301076,1909f56bfc062723c751e8b465ee728b)  -> (artifact id: '42baae205c97e3337697759514652acd') in 0.005404 seconds
  Import took 0.007542 seconds .

========================================================================
Received Import Request.
  Time since last request: 6.726249 seconds.
  path: Assets/Materials
  artifactKey: Guid(bbbcc33c7fc7f634b94ac37ea58da3d7) Importer(815301076,1909f56bfc062723c751e8b465ee728b)
Start importing Assets/Materials using Guid(bbbcc33c7fc7f634b94ac37ea58da3d7) Importer(815301076,1909f56bfc062723c751e8b465ee728b)  -> (artifact id: '7cd084fe4f58a511a61012aa274a3431') in 0.004347 seconds
  Import took 0.006936 seconds .

========================================================================
Received Import Request.
  Time since last request: 237.062115 seconds.
  path: Assets/Materials/New Material.mat
  artifactKey: Guid(7b017157f0374e34cac94fb437da625c) Importer(815301076,1909f56bfc062723c751e8b465ee728b)
Start importing Assets/Materials/New Material.mat using Guid(7b017157f0374e34cac94fb437da625c) Importer(815301076,1909f56bfc062723c751e8b465ee728b)  -> (artifact id: 'fe37a4135e813070b2e85caf3559c7b7') in 0.243853 seconds
  Import took 0.264676 seconds .

========================================================================
Received Import Request.
  Time since last request: 398.845006 seconds.
  path: Assets/Materials/FloorDirt.mat
  artifactKey: Guid(7b017157f0374e34cac94fb437da625c) Importer(815301076,1909f56bfc062723c751e8b465ee728b)
Start importing Assets/Materials/FloorDirt.mat using Guid(7b017157f0374e34cac94fb437da625c) Importer(815301076,1909f56bfc062723c751e8b465ee728b)  -> (artifact id: '97acdebe21f00cc13266ce01c87e946d') in 0.026138 seconds
  Import took 0.029012 seconds .

========================================================================
Received Import Request.
  Time since last request: 341.883865 seconds.
  path: Assets/PreFabs
  artifactKey: Guid(859c856c1d9f30043b07c49d15584039) Importer(815301076,1909f56bfc062723c751e8b465ee728b)
Start importing Assets/PreFabs using Guid(859c856c1d9f30043b07c49d15584039) Importer(815301076,1909f56bfc062723c751e8b465ee728b)  -> (artifact id: '968d80bfdff237df0e85fe48d6487e2d') in 0.005426 seconds
  Import took 0.008941 seconds .

========================================================================
Received Import Request.
  Time since last request: 8.247197 seconds.
  path: Assets/PreFabs/FloorTile.prefab
  artifactKey: Guid(5b9cb63e9bd5004428cfa7db62b15180) Importer(815301076,1909f56bfc062723c751e8b465ee728b)
Start importing Assets/PreFabs/FloorTile.prefab using Guid(5b9cb63e9bd5004428cfa7db62b15180) Importer(815301076,1909f56bfc062723c751e8b465ee728b)  -> (artifact id: '5689f3b26700a79e27aebdc98ab73501') in 0.033137 seconds
  Import took 0.035445 seconds .

========================================================================
Received Import Request.
  Time since last request: 0.026444 seconds.
  path: Assets/PreFabs/FloorTile.prefab
  artifactKey: Guid(5b9cb63e9bd5004428cfa7db62b15180) Importer(815301076,1909f56bfc062723c751e8b465ee728b)
Start importing Assets/PreFabs/FloorTile.prefab using Guid(5b9cb63e9bd5004428cfa7db62b15180) Importer(815301076,1909f56bfc062723c751e8b465ee728b)  -> (artifact id: '5689f3b26700a79e27aebdc98ab73501') in 0.011909 seconds
  Import took 0.014721 seconds .

AssetImportWorkerClient::OnTransportError - code=2 error=End of file
